0 info it worked if it ends with ok
1 verbose cli [ '/usr/local/bin/node',
1 verbose cli   '/usr/local/lib/node_modules/npm/bin/npm-cli.js',
1 verbose cli   'run-script',
1 verbose cli   'dev' ]
2 info using npm@3.10.2
3 info using node@v6.2.2
4 verbose run-script [ 'predev', 'dev', 'postdev' ]
5 info lifecycle X-SONGTAO-VUE@1.0.0~predev: X-SONGTAO-VUE@1.0.0
6 silly lifecycle X-SONGTAO-VUE@1.0.0~predev: no script for predev, continuing
7 info lifecycle X-SONGTAO-VUE@1.0.0~dev: X-SONGTAO-VUE@1.0.0
8 verbose lifecycle X-SONGTAO-VUE@1.0.0~dev: unsafe-perm in lifecycle true
9 verbose lifecycle X-SONGTAO-VUE@1.0.0~dev: PATH: /usr/local/lib/node_modules/npm/bin/node-gyp-bin:/Users/xiangsongtao/我的ST项目/My Blog/X-SONGTAO-VUE/node_modules/.bin:/usr/local/bin:/Users/xiangsongtao/.node/bin:/usr/local/bin:/usr/bin:/bin:/usr/sbin:/sbin
10 verbose lifecycle X-SONGTAO-VUE@1.0.0~dev: CWD: /Users/xiangsongtao/我的ST项目/My Blog/X-SONGTAO-VUE
11 silly lifecycle X-SONGTAO-VUE@1.0.0~dev: Args: [ '-c', 'node build/dev-server.js' ]
12 silly lifecycle X-SONGTAO-VUE@1.0.0~dev: Returned: code: 1  signal: null
13 info lifecycle X-SONGTAO-VUE@1.0.0~dev: Failed to exec dev script
14 verbose stack Error: X-SONGTAO-VUE@1.0.0 dev: `node build/dev-server.js`
14 verbose stack Exit status 1
14 verbose stack     at EventEmitter.<anonymous> (/usr/local/lib/node_modules/npm/lib/utils/lifecycle.js:242:16)
14 verbose stack     at emitTwo (events.js:106:13)
14 verbose stack     at EventEmitter.emit (events.js:191:7)
14 verbose stack     at ChildProcess.<anonymous> (/usr/local/lib/node_modules/npm/lib/utils/spawn.js:40:14)
14 verbose stack     at emitTwo (events.js:106:13)
14 verbose stack     at ChildProcess.emit (events.js:191:7)
14 verbose stack     at maybeClose (internal/child_process.js:852:16)
14 verbose stack     at Process.ChildProcess._handle.onexit (internal/child_process.js:215:5)
15 verbose pkgid X-SONGTAO-VUE@1.0.0
16 verbose cwd /Users/xiangsongtao/我的ST项目/My Blog/X-SONGTAO-VUE
17 error Darwin 15.6.0
18 error argv "/usr/local/bin/node" "/usr/local/lib/node_modules/npm/bin/npm-cli.js" "run-script" "dev"
19 error node v6.2.2
20 error npm  v3.10.2
21 error code ELIFECYCLE
22 error X-SONGTAO-VUE@1.0.0 dev: `node build/dev-server.js`
22 error Exit status 1
23 error Failed at the X-SONGTAO-VUE@1.0.0 dev script 'node build/dev-server.js'.
23 error Make sure you have the latest version of node.js and npm installed.
23 error If you do, this is most likely a problem with the X-SONGTAO-VUE package,
23 error not with npm itself.
23 error Tell the author that this fails on your system:
23 error     node build/dev-server.js
23 error You can get information on how to open an issue for this project with:
23 error     npm bugs X-SONGTAO-VUE
23 error Or if that isn't available, you can get their info via:
23 error     npm owner ls X-SONGTAO-VUE
23 error There is likely additional logging output above.
24 verbose exit [ 1, true ]
